<?xml version="1.0" encoding="UTF-8"?>
<!-- Generated by org.testng.reporters.JUnitReportReporter -->
<testsuite hostname="DESKTOP-VB1KEFA" failures="0" tests="3" name="test.VerifyToRemoveSingleProductFromTheCart" time="71.659" errors="0" timestamp="2023-04-23T11:21:40 IST" skipped="0">
  <testcase classname="test.VerifyToRemoveSingleProductFromTheCart" name="addSingleProductToCart" time="13.230"/>
  <system-out/>
  <testcase classname="test.VerifyToRemoveSingleProductFromTheCart" name="toVarifyProductChekoutCanselButtonFunctionality" time="28.569"/>
  <system-out/>
  <testcase classname="test.VerifyToRemoveSingleProductFromTheCart" name="toVarifyProductChekoutFunctionality" time="29.860"/>
  <system-out/>
</testsuite> <!-- test.VerifyToRemoveSingleProductFromTheCart -->
