<?xml version="1.0" encoding="UTF-8"?>
<!-- Generated by org.testng.reporters.JUnitReportReporter -->
<testsuite hostname="DESKTOP-VB1KEFA" failures="0" tests="1" name="test.SwagLabsLogin" time="212.672" errors="0" timestamp="2023-04-22T10:36:37 IST" skipped="0">
  <testcase classname="test.SwagLabsLogin" name="verifyIfUserIsAbleToLoginSwagLabs" time="212.672"/>
  <system-out/>
</testsuite> <!-- test.SwagLabsLogin -->
