<?xml version="1.0" encoding="UTF-8"?>
<!-- Generated by org.testng.reporters.JUnitReportReporter -->
<testsuite hostname="DESKTOP-VB1KEFA" failures="0" tests="1" name="test.ToVerifyAddSingleCartToProduct" time="99.700" errors="0" timestamp="2023-04-22T21:12:59 IST" skipped="0">
  <testcase classname="test.ToVerifyAddSingleCartToProduct" name="addSingleProductToCart" time="99.700"/>
  <system-out/>
</testsuite> <!-- test.ToVerifyAddSingleCartToProduct -->
