<?xml version="1.0" encoding="UTF-8"?>
<!-- Generated by org.testng.reporters.JUnitReportReporter -->
<testsuite hostname="DESKTOP-VB1KEFA" failures="0" tests="1" name="test.VerifySwagLabsLogoutFunctionality" time="78.685" errors="0" timestamp="2023-04-22T22:19:31 IST" skipped="0">
  <testcase classname="test.VerifySwagLabsLogoutFunctionality" name="verifyIfACustomerAbletoPlace" time="78.685"/>
  <system-out/>
</testsuite> <!-- test.VerifySwagLabsLogoutFunctionality -->
