<?xml version="1.0" encoding="UTF-8"?>
<!-- Generated by org.testng.reporters.JUnitReportReporter -->
<testsuite hostname="DESKTOP-VB1KEFA" failures="0" tests="1" name="test.VerifyToAddSingleCartToProduct" time="105.405" errors="0" timestamp="2023-04-23T10:03:36 IST" skipped="0">
  <testcase classname="test.VerifyToAddSingleCartToProduct" name="addSingleProductToCart" time="105.405"/>
  <system-out/>
</testsuite> <!-- test.VerifyToAddSingleCartToProduct -->
