<?xml version="1.0" encoding="UTF-8"?>
<!-- Generated by org.testng.reporters.JUnitReportReporter -->
<testsuite hostname="DESKTOP-VB1KEFA" failures="0" tests="1" name="test.VerifyToAddMultipleProductsToCart" time="110.916" errors="0" timestamp="2023-04-23T19:40:35 IST" skipped="0">
  <testcase classname="test.VerifyToAddMultipleProductsToCart" name="AddMultipleProductsToCart" time="110.916"/>
  <system-out/>
</testsuite> <!-- test.VerifyToAddMultipleProductsToCart -->
